CRITICAL - 2023-05-08 05:15:57 --> The route for "/quiz2" cannot be found.
in SYSTEMPATH/HTTP/RedirectResponse.php on line 60.
 1 SYSTEMPATH/HTTP/RedirectResponse.php(60): CodeIgniter\HTTP\Exceptions\HTTPException::forInvalidRedirectRoute()
 2 APPPATH/Controllers/Quiz2Controller.php(38): CodeIgniter\HTTP\RedirectResponse->route()
 3 SYSTEMPATH/CodeIgniter.php(934): App\Controllers\Quiz2Controller->upload()
 4 SYSTEMPATH/CodeIgniter.php(499): CodeIgniter\CodeIgniter->runController()
 5 SYSTEMPATH/CodeIgniter.php(368): CodeIgniter\CodeIgniter->handleRequest()
 6 FCPATH/index.php(67): CodeIgniter\CodeIgniter->run()
CRITICAL - 2023-05-08 05:17:07 --> The route for "/quiz2" cannot be found.
in SYSTEMPATH/HTTP/RedirectResponse.php on line 60.
 1 SYSTEMPATH/HTTP/RedirectResponse.php(60): CodeIgniter\HTTP\Exceptions\HTTPException::forInvalidRedirectRoute()
 2 APPPATH/Controllers/Quiz2Controller.php(39): CodeIgniter\HTTP\RedirectResponse->route()
 3 SYSTEMPATH/CodeIgniter.php(934): App\Controllers\Quiz2Controller->upload()
 4 SYSTEMPATH/CodeIgniter.php(499): CodeIgniter\CodeIgniter->runController()
 5 SYSTEMPATH/CodeIgniter.php(368): CodeIgniter\CodeIgniter->handleRequest()
 6 FCPATH/index.php(67): CodeIgniter\CodeIgniter->run()
CRITICAL - 2023-05-08 05:19:30 --> The route for "/quiz2" cannot be found.
in SYSTEMPATH/HTTP/RedirectResponse.php on line 60.
 1 SYSTEMPATH/HTTP/RedirectResponse.php(60): CodeIgniter\HTTP\Exceptions\HTTPException::forInvalidRedirectRoute()
 2 APPPATH/Controllers/Quiz2Controller.php(39): CodeIgniter\HTTP\RedirectResponse->route()
 3 SYSTEMPATH/CodeIgniter.php(934): App\Controllers\Quiz2Controller->upload()
 4 SYSTEMPATH/CodeIgniter.php(499): CodeIgniter\CodeIgniter->runController()
 5 SYSTEMPATH/CodeIgniter.php(368): CodeIgniter\CodeIgniter->handleRequest()
 6 FCPATH/index.php(67): CodeIgniter\CodeIgniter->run()
CRITICAL - 2023-05-08 05:23:42 --> fopen(/tmp/phpEUWI50): Failed to open stream: No such file or directory
in APPPATH/Models/Quiz2Model.php on line 20.
 1 [internal function]: CodeIgniter\Debug\Exceptions->errorHandler()
 2 APPPATH/Models/Quiz2Model.php(20): fopen()
 3 APPPATH/Controllers/Quiz2Controller.php(41): App\Models\Quiz2Model->insertData()
 4 SYSTEMPATH/CodeIgniter.php(934): App\Controllers\Quiz2Controller->upload()
 5 SYSTEMPATH/CodeIgniter.php(499): CodeIgniter\CodeIgniter->runController()
 6 SYSTEMPATH/CodeIgniter.php(368): CodeIgniter\CodeIgniter->handleRequest()
 7 FCPATH/index.php(67): CodeIgniter\CodeIgniter->run()
ERROR - 2023-05-08 05:31:16 --> mysqli_sql_exception: Incorrect datetime value: 'Feb 25, 2022' for column 'ReleasedData' at row 1 in /var/www/htdocs/LearnLion/system/Database/MySQLi/Connection.php:295
Stack trace:
#0 /var/www/htdocs/LearnLion/system/Database/MySQLi/Connection.php(295): mysqli->query()
#1 /var/www/htdocs/LearnLion/system/Database/BaseConnection.php(691): CodeIgniter\Database\MySQLi\Connection->execute()
#2 /var/www/htdocs/LearnLion/system/Database/BaseConnection.php(605): CodeIgniter\Database\BaseConnection->simpleQuery()
#3 /var/www/htdocs/LearnLion/system/Database/BaseBuilder.php(2309): CodeIgniter\Database\BaseConnection->query()
#4 /var/www/htdocs/LearnLion/system/Model.php(330): CodeIgniter\Database\BaseBuilder->insert()
#5 /var/www/htdocs/LearnLion/system/BaseModel.php(782): CodeIgniter\Model->doInsert()
#6 /var/www/htdocs/LearnLion/system/Model.php(730): CodeIgniter\BaseModel->insert()
#7 /var/www/htdocs/LearnLion/app/Models/Quiz2Model.php(41): CodeIgniter\Model->insert()
#8 /var/www/htdocs/LearnLion/app/Controllers/Quiz2Controller.php(39): App\Models\Quiz2Model->insertData()
#9 /var/www/htdocs/LearnLion/system/CodeIgniter.php(934): App\Controllers\Quiz2Controller->upload()
#10 /var/www/htdocs/LearnLion/system/CodeIgniter.php(499): CodeIgniter\CodeIgniter->runController()
#11 /var/www/htdocs/LearnLion/system/CodeIgniter.php(368): CodeIgniter\CodeIgniter->handleRequest()
#12 /var/www/htdocs/LearnLion/public/index.php(67): CodeIgniter\CodeIgniter->run()
#13 {main}
CRITICAL - 2023-05-08 05:31:16 --> Incorrect datetime value: 'Feb 25, 2022' for column 'ReleasedData' at row 1
in SYSTEMPATH/Database/BaseConnection.php on line 645.
 1 SYSTEMPATH/Database/BaseBuilder.php(2309): CodeIgniter\Database\BaseConnection->query()
 2 SYSTEMPATH/Model.php(330): CodeIgniter\Database\BaseBuilder->insert()
 3 SYSTEMPATH/BaseModel.php(782): CodeIgniter\Model->doInsert()
 4 SYSTEMPATH/Model.php(730): CodeIgniter\BaseModel->insert()
 5 APPPATH/Models/Quiz2Model.php(41): CodeIgniter\Model->insert()
 6 APPPATH/Controllers/Quiz2Controller.php(39): App\Models\Quiz2Model->insertData()
 7 SYSTEMPATH/CodeIgniter.php(934): App\Controllers\Quiz2Controller->upload()
 8 SYSTEMPATH/CodeIgniter.php(499): CodeIgniter\CodeIgniter->runController()
 9 SYSTEMPATH/CodeIgniter.php(368): CodeIgniter\CodeIgniter->handleRequest()
10 FCPATH/index.php(67): CodeIgniter\CodeIgniter->run()
CRITICAL - 2023-05-08 05:35:27 --> Class "App\Models\DateTime" not found
in APPPATH/Models/Quiz2Model.php on line 32.
 1 APPPATH/Controllers/Quiz2Controller.php(39): App\Models\Quiz2Model->insertData()
 2 SYSTEMPATH/CodeIgniter.php(934): App\Controllers\Quiz2Controller->upload()
 3 SYSTEMPATH/CodeIgniter.php(499): CodeIgniter\CodeIgniter->runController()
 4 SYSTEMPATH/CodeIgniter.php(368): CodeIgniter\CodeIgniter->handleRequest()
 5 FCPATH/index.php(67): CodeIgniter\CodeIgniter->run()
CRITICAL - 2023-05-08 05:36:28 --> The route for "/quiz2" cannot be found.
in SYSTEMPATH/HTTP/RedirectResponse.php on line 60.
 1 SYSTEMPATH/HTTP/RedirectResponse.php(60): CodeIgniter\HTTP\Exceptions\HTTPException::forInvalidRedirectRoute()
 2 APPPATH/Controllers/Quiz2Controller.php(48): CodeIgniter\HTTP\RedirectResponse->route()
 3 SYSTEMPATH/CodeIgniter.php(934): App\Controllers\Quiz2Controller->upload()
 4 SYSTEMPATH/CodeIgniter.php(499): CodeIgniter\CodeIgniter->runController()
 5 SYSTEMPATH/CodeIgniter.php(368): CodeIgniter\CodeIgniter->handleRequest()
 6 FCPATH/index.php(67): CodeIgniter\CodeIgniter->run()
ERROR - 2023-05-08 05:39:08 --> mysqli_sql_exception: Duplicate entry '1' for key 'Games.PRIMARY' in /var/www/htdocs/LearnLion/system/Database/MySQLi/Connection.php:295
Stack trace:
#0 /var/www/htdocs/LearnLion/system/Database/MySQLi/Connection.php(295): mysqli->query()
#1 /var/www/htdocs/LearnLion/system/Database/BaseConnection.php(691): CodeIgniter\Database\MySQLi\Connection->execute()
#2 /var/www/htdocs/LearnLion/system/Database/BaseConnection.php(605): CodeIgniter\Database\BaseConnection->simpleQuery()
#3 /var/www/htdocs/LearnLion/system/Database/BaseBuilder.php(2309): CodeIgniter\Database\BaseConnection->query()
#4 /var/www/htdocs/LearnLion/system/Model.php(330): CodeIgniter\Database\BaseBuilder->insert()
#5 /var/www/htdocs/LearnLion/system/BaseModel.php(782): CodeIgniter\Model->doInsert()
#6 /var/www/htdocs/LearnLion/system/Model.php(730): CodeIgniter\BaseModel->insert()
#7 /var/www/htdocs/LearnLion/app/Models/Quiz2Model.php(47): CodeIgniter\Model->insert()
#8 /var/www/htdocs/LearnLion/app/Controllers/Quiz2Controller.php(39): App\Models\Quiz2Model->insertData()
#9 /var/www/htdocs/LearnLion/system/CodeIgniter.php(934): App\Controllers\Quiz2Controller->upload()
#10 /var/www/htdocs/LearnLion/system/CodeIgniter.php(499): CodeIgniter\CodeIgniter->runController()
#11 /var/www/htdocs/LearnLion/system/CodeIgniter.php(368): CodeIgniter\CodeIgniter->handleRequest()
#12 /var/www/htdocs/LearnLion/public/index.php(67): CodeIgniter\CodeIgniter->run()
#13 {main}
CRITICAL - 2023-05-08 05:39:08 --> Duplicate entry '1' for key 'Games.PRIMARY'
in SYSTEMPATH/Database/BaseConnection.php on line 645.
 1 SYSTEMPATH/Database/BaseBuilder.php(2309): CodeIgniter\Database\BaseConnection->query()
 2 SYSTEMPATH/Model.php(330): CodeIgniter\Database\BaseBuilder->insert()
 3 SYSTEMPATH/BaseModel.php(782): CodeIgniter\Model->doInsert()
 4 SYSTEMPATH/Model.php(730): CodeIgniter\BaseModel->insert()
 5 APPPATH/Models/Quiz2Model.php(47): CodeIgniter\Model->insert()
 6 APPPATH/Controllers/Quiz2Controller.php(39): App\Models\Quiz2Model->insertData()
 7 SYSTEMPATH/CodeIgniter.php(934): App\Controllers\Quiz2Controller->upload()
 8 SYSTEMPATH/CodeIgniter.php(499): CodeIgniter\CodeIgniter->runController()
 9 SYSTEMPATH/CodeIgniter.php(368): CodeIgniter\CodeIgniter->handleRequest()
10 FCPATH/index.php(67): CodeIgniter\CodeIgniter->run()
ERROR - 2023-05-08 05:40:51 --> mysqli_sql_exception: Unknown column 'ReleasedData' in 'field list' in /var/www/htdocs/LearnLion/system/Database/MySQLi/Connection.php:295
Stack trace:
#0 /var/www/htdocs/LearnLion/system/Database/MySQLi/Connection.php(295): mysqli->query()
#1 /var/www/htdocs/LearnLion/system/Database/BaseConnection.php(691): CodeIgniter\Database\MySQLi\Connection->execute()
#2 /var/www/htdocs/LearnLion/system/Database/BaseConnection.php(605): CodeIgniter\Database\BaseConnection->simpleQuery()
#3 /var/www/htdocs/LearnLion/system/Database/BaseBuilder.php(2309): CodeIgniter\Database\BaseConnection->query()
#4 /var/www/htdocs/LearnLion/system/Model.php(330): CodeIgniter\Database\BaseBuilder->insert()
#5 /var/www/htdocs/LearnLion/system/BaseModel.php(782): CodeIgniter\Model->doInsert()
#6 /var/www/htdocs/LearnLion/system/Model.php(730): CodeIgniter\BaseModel->insert()
#7 /var/www/htdocs/LearnLion/app/Models/Quiz2Model.php(47): CodeIgniter\Model->insert()
#8 /var/www/htdocs/LearnLion/app/Controllers/Quiz2Controller.php(39): App\Models\Quiz2Model->insertData()
#9 /var/www/htdocs/LearnLion/system/CodeIgniter.php(934): App\Controllers\Quiz2Controller->upload()
#10 /var/www/htdocs/LearnLion/system/CodeIgniter.php(499): CodeIgniter\CodeIgniter->runController()
#11 /var/www/htdocs/LearnLion/system/CodeIgniter.php(368): CodeIgniter\CodeIgniter->handleRequest()
#12 /var/www/htdocs/LearnLion/public/index.php(67): CodeIgniter\CodeIgniter->run()
#13 {main}
CRITICAL - 2023-05-08 05:40:51 --> Unknown column 'ReleasedData' in 'field list'
in SYSTEMPATH/Database/BaseConnection.php on line 645.
 1 SYSTEMPATH/Database/BaseBuilder.php(2309): CodeIgniter\Database\BaseConnection->query()
 2 SYSTEMPATH/Model.php(330): CodeIgniter\Database\BaseBuilder->insert()
 3 SYSTEMPATH/BaseModel.php(782): CodeIgniter\Model->doInsert()
 4 SYSTEMPATH/Model.php(730): CodeIgniter\BaseModel->insert()
 5 APPPATH/Models/Quiz2Model.php(47): CodeIgniter\Model->insert()
 6 APPPATH/Controllers/Quiz2Controller.php(39): App\Models\Quiz2Model->insertData()
 7 SYSTEMPATH/CodeIgniter.php(934): App\Controllers\Quiz2Controller->upload()
 8 SYSTEMPATH/CodeIgniter.php(499): CodeIgniter\CodeIgniter->runController()
 9 SYSTEMPATH/CodeIgniter.php(368): CodeIgniter\CodeIgniter->handleRequest()
10 FCPATH/index.php(67): CodeIgniter\CodeIgniter->run()
CRITICAL - 2023-05-08 05:42:00 --> The route for "https://infs3202-a6ad0cb3.uqcloud.net/LearnLion//quiz2" cannot be found.
in SYSTEMPATH/HTTP/RedirectResponse.php on line 60.
 1 SYSTEMPATH/HTTP/RedirectResponse.php(60): CodeIgniter\HTTP\Exceptions\HTTPException::forInvalidRedirectRoute()
 2 APPPATH/Controllers/Quiz2Controller.php(48): CodeIgniter\HTTP\RedirectResponse->route()
 3 SYSTEMPATH/CodeIgniter.php(934): App\Controllers\Quiz2Controller->upload()
 4 SYSTEMPATH/CodeIgniter.php(499): CodeIgniter\CodeIgniter->runController()
 5 SYSTEMPATH/CodeIgniter.php(368): CodeIgniter\CodeIgniter->handleRequest()
 6 FCPATH/index.php(67): CodeIgniter\CodeIgniter->run()
ERROR - 2023-05-08 05:42:22 --> mysqli_sql_exception: Duplicate entry '1' for key 'Games.PRIMARY' in /var/www/htdocs/LearnLion/system/Database/MySQLi/Connection.php:295
Stack trace:
#0 /var/www/htdocs/LearnLion/system/Database/MySQLi/Connection.php(295): mysqli->query()
#1 /var/www/htdocs/LearnLion/system/Database/BaseConnection.php(691): CodeIgniter\Database\MySQLi\Connection->execute()
#2 /var/www/htdocs/LearnLion/system/Database/BaseConnection.php(605): CodeIgniter\Database\BaseConnection->simpleQuery()
#3 /var/www/htdocs/LearnLion/system/Database/BaseBuilder.php(2309): CodeIgniter\Database\BaseConnection->query()
#4 /var/www/htdocs/LearnLion/system/Model.php(330): CodeIgniter\Database\BaseBuilder->insert()
#5 /var/www/htdocs/LearnLion/system/BaseModel.php(782): CodeIgniter\Model->doInsert()
#6 /var/www/htdocs/LearnLion/system/Model.php(730): CodeIgniter\BaseModel->insert()
#7 /var/www/htdocs/LearnLion/app/Models/Quiz2Model.php(47): CodeIgniter\Model->insert()
#8 /var/www/htdocs/LearnLion/app/Controllers/Quiz2Controller.php(39): App\Models\Quiz2Model->insertData()
#9 /var/www/htdocs/LearnLion/system/CodeIgniter.php(934): App\Controllers\Quiz2Controller->upload()
#10 /var/www/htdocs/LearnLion/system/CodeIgniter.php(499): CodeIgniter\CodeIgniter->runController()
#11 /var/www/htdocs/LearnLion/system/CodeIgniter.php(368): CodeIgniter\CodeIgniter->handleRequest()
#12 /var/www/htdocs/LearnLion/public/index.php(67): CodeIgniter\CodeIgniter->run()
#13 {main}
CRITICAL - 2023-05-08 05:42:22 --> Duplicate entry '1' for key 'Games.PRIMARY'
in SYSTEMPATH/Database/BaseConnection.php on line 645.
 1 SYSTEMPATH/Database/BaseBuilder.php(2309): CodeIgniter\Database\BaseConnection->query()
 2 SYSTEMPATH/Model.php(330): CodeIgniter\Database\BaseBuilder->insert()
 3 SYSTEMPATH/BaseModel.php(782): CodeIgniter\Model->doInsert()
 4 SYSTEMPATH/Model.php(730): CodeIgniter\BaseModel->insert()
 5 APPPATH/Models/Quiz2Model.php(47): CodeIgniter\Model->insert()
 6 APPPATH/Controllers/Quiz2Controller.php(39): App\Models\Quiz2Model->insertData()
 7 SYSTEMPATH/CodeIgniter.php(934): App\Controllers\Quiz2Controller->upload()
 8 SYSTEMPATH/CodeIgniter.php(499): CodeIgniter\CodeIgniter->runController()
 9 SYSTEMPATH/CodeIgniter.php(368): CodeIgniter\CodeIgniter->handleRequest()
10 FCPATH/index.php(67): CodeIgniter\CodeIgniter->run()
CRITICAL - 2023-05-08 05:43:12 --> The route for "https://infs3202-a6ad0cb3.uqcloud.net/LearnLion/quiz2" cannot be found.
in SYSTEMPATH/HTTP/RedirectResponse.php on line 60.
 1 SYSTEMPATH/HTTP/RedirectResponse.php(60): CodeIgniter\HTTP\Exceptions\HTTPException::forInvalidRedirectRoute()
 2 APPPATH/Controllers/Quiz2Controller.php(48): CodeIgniter\HTTP\RedirectResponse->route()
 3 SYSTEMPATH/CodeIgniter.php(934): App\Controllers\Quiz2Controller->upload()
 4 SYSTEMPATH/CodeIgniter.php(499): CodeIgniter\CodeIgniter->runController()
 5 SYSTEMPATH/CodeIgniter.php(368): CodeIgniter\CodeIgniter->handleRequest()
 6 FCPATH/index.php(67): CodeIgniter\CodeIgniter->run()
CRITICAL - 2023-05-08 05:49:36 --> The route for "/quiz2" cannot be found.
in SYSTEMPATH/HTTP/RedirectResponse.php on line 60.
 1 SYSTEMPATH/HTTP/RedirectResponse.php(60): CodeIgniter\HTTP\Exceptions\HTTPException::forInvalidRedirectRoute()
 2 APPPATH/Controllers/Quiz2Controller.php(48): CodeIgniter\HTTP\RedirectResponse->route()
 3 SYSTEMPATH/CodeIgniter.php(934): App\Controllers\Quiz2Controller->upload()
 4 SYSTEMPATH/CodeIgniter.php(499): CodeIgniter\CodeIgniter->runController()
 5 SYSTEMPATH/CodeIgniter.php(368): CodeIgniter\CodeIgniter->handleRequest()
 6 FCPATH/index.php(67): CodeIgniter\CodeIgniter->run()
CRITICAL - 2023-05-08 05:50:58 --> The route for "https://infs3202-a6ad0cb3.uqcloud.net/LearnLion/quiz2" cannot be found.
in SYSTEMPATH/HTTP/RedirectResponse.php on line 60.
 1 SYSTEMPATH/HTTP/RedirectResponse.php(60): CodeIgniter\HTTP\Exceptions\HTTPException::forInvalidRedirectRoute()
 2 APPPATH/Controllers/Quiz2Controller.php(48): CodeIgniter\HTTP\RedirectResponse->route()
 3 SYSTEMPATH/CodeIgniter.php(934): App\Controllers\Quiz2Controller->upload()
 4 SYSTEMPATH/CodeIgniter.php(499): CodeIgniter\CodeIgniter->runController()
 5 SYSTEMPATH/CodeIgniter.php(368): CodeIgniter\CodeIgniter->handleRequest()
 6 FCPATH/index.php(67): CodeIgniter\CodeIgniter->run()
CRITICAL - 2023-05-08 05:55:05 --> The action you requested is not allowed.
in SYSTEMPATH/Security/Security.php on line 306.
 1 SYSTEMPATH/Security/Security.php(306): CodeIgniter\Security\Exceptions\SecurityException::forDisallowedAction()
 2 SYSTEMPATH/Filters/CSRF.php(55): CodeIgniter\Security\Security->verify()
 3 SYSTEMPATH/Filters/Filters.php(173): CodeIgniter\Filters\CSRF->before()
 4 SYSTEMPATH/CodeIgniter.php(473): CodeIgniter\Filters\Filters->run()
 5 SYSTEMPATH/CodeIgniter.php(368): CodeIgniter\CodeIgniter->handleRequest()
 6 FCPATH/index.php(67): CodeIgniter\CodeIgniter->run()
CRITICAL - 2023-05-08 05:57:00 --> The action you requested is not allowed.
in SYSTEMPATH/Security/Security.php on line 306.
 1 SYSTEMPATH/Security/Security.php(306): CodeIgniter\Security\Exceptions\SecurityException::forDisallowedAction()
 2 SYSTEMPATH/Filters/CSRF.php(55): CodeIgniter\Security\Security->verify()
 3 SYSTEMPATH/Filters/Filters.php(173): CodeIgniter\Filters\CSRF->before()
 4 SYSTEMPATH/CodeIgniter.php(473): CodeIgniter\Filters\Filters->run()
 5 SYSTEMPATH/CodeIgniter.php(368): CodeIgniter\CodeIgniter->handleRequest()
 6 FCPATH/index.php(67): CodeIgniter\CodeIgniter->run()
CRITICAL - 2023-05-08 05:57:13 --> The action you requested is not allowed.
in SYSTEMPATH/Security/Security.php on line 306.
 1 SYSTEMPATH/Security/Security.php(306): CodeIgniter\Security\Exceptions\SecurityException::forDisallowedAction()
 2 SYSTEMPATH/Filters/CSRF.php(55): CodeIgniter\Security\Security->verify()
 3 SYSTEMPATH/Filters/Filters.php(173): CodeIgniter\Filters\CSRF->before()
 4 SYSTEMPATH/CodeIgniter.php(473): CodeIgniter\Filters\Filters->run()
 5 SYSTEMPATH/CodeIgniter.php(368): CodeIgniter\CodeIgniter->handleRequest()
 6 FCPATH/index.php(67): CodeIgniter\CodeIgniter->run()
CRITICAL - 2023-05-08 05:58:00 --> The action you requested is not allowed.
in SYSTEMPATH/Security/Security.php on line 306.
 1 SYSTEMPATH/Security/Security.php(306): CodeIgniter\Security\Exceptions\SecurityException::forDisallowedAction()
 2 SYSTEMPATH/Filters/CSRF.php(55): CodeIgniter\Security\Security->verify()
 3 SYSTEMPATH/Filters/Filters.php(173): CodeIgniter\Filters\CSRF->before()
 4 SYSTEMPATH/CodeIgniter.php(473): CodeIgniter\Filters\Filters->run()
 5 SYSTEMPATH/CodeIgniter.php(368): CodeIgniter\CodeIgniter->handleRequest()
 6 FCPATH/index.php(67): CodeIgniter\CodeIgniter->run()
CRITICAL - 2023-05-08 05:58:53 --> The action you requested is not allowed.
in SYSTEMPATH/Security/Security.php on line 306.
 1 SYSTEMPATH/Security/Security.php(306): CodeIgniter\Security\Exceptions\SecurityException::forDisallowedAction()
 2 SYSTEMPATH/Filters/CSRF.php(55): CodeIgniter\Security\Security->verify()
 3 SYSTEMPATH/Filters/Filters.php(173): CodeIgniter\Filters\CSRF->before()
 4 SYSTEMPATH/CodeIgniter.php(473): CodeIgniter\Filters\Filters->run()
 5 SYSTEMPATH/CodeIgniter.php(368): CodeIgniter\CodeIgniter->handleRequest()
 6 FCPATH/index.php(67): CodeIgniter\CodeIgniter->run()
CRITICAL - 2023-05-08 05:59:03 --> The action you requested is not allowed.
in SYSTEMPATH/Security/Security.php on line 306.
 1 SYSTEMPATH/Security/Security.php(306): CodeIgniter\Security\Exceptions\SecurityException::forDisallowedAction()
 2 SYSTEMPATH/Filters/CSRF.php(55): CodeIgniter\Security\Security->verify()
 3 SYSTEMPATH/Filters/Filters.php(173): CodeIgniter\Filters\CSRF->before()
 4 SYSTEMPATH/CodeIgniter.php(473): CodeIgniter\Filters\Filters->run()
 5 SYSTEMPATH/CodeIgniter.php(368): CodeIgniter\CodeIgniter->handleRequest()
 6 FCPATH/index.php(67): CodeIgniter\CodeIgniter->run()
CRITICAL - 2023-05-08 06:00:58 --> The action you requested is not allowed.
in SYSTEMPATH/Security/Security.php on line 306.
 1 SYSTEMPATH/Security/Security.php(306): CodeIgniter\Security\Exceptions\SecurityException::forDisallowedAction()
 2 SYSTEMPATH/Filters/CSRF.php(55): CodeIgniter\Security\Security->verify()
 3 SYSTEMPATH/Filters/Filters.php(173): CodeIgniter\Filters\CSRF->before()
 4 SYSTEMPATH/CodeIgniter.php(473): CodeIgniter\Filters\Filters->run()
 5 SYSTEMPATH/CodeIgniter.php(368): CodeIgniter\CodeIgniter->handleRequest()
 6 FCPATH/index.php(67): CodeIgniter\CodeIgniter->run()
CRITICAL - 2023-05-08 06:01:34 --> The action you requested is not allowed.
in SYSTEMPATH/Security/Security.php on line 306.
 1 SYSTEMPATH/Security/Security.php(306): CodeIgniter\Security\Exceptions\SecurityException::forDisallowedAction()
 2 SYSTEMPATH/Filters/CSRF.php(55): CodeIgniter\Security\Security->verify()
 3 SYSTEMPATH/Filters/Filters.php(173): CodeIgniter\Filters\CSRF->before()
 4 SYSTEMPATH/CodeIgniter.php(473): CodeIgniter\Filters\Filters->run()
 5 SYSTEMPATH/CodeIgniter.php(368): CodeIgniter\CodeIgniter->handleRequest()
 6 FCPATH/index.php(67): CodeIgniter\CodeIgniter->run()
CRITICAL - 2023-05-08 06:01:40 --> Undefined property: App\Controllers\Quiz2Controller::$CSRFProtector
in APPPATH/Controllers/Quiz2Controller.php on line 22.
 1 APPPATH/Controllers/Quiz2Controller.php(22): CodeIgniter\Debug\Exceptions->errorHandler()
 2 SYSTEMPATH/CodeIgniter.php(934): App\Controllers\Quiz2Controller->index()
 3 SYSTEMPATH/CodeIgniter.php(499): CodeIgniter\CodeIgniter->runController()
 4 SYSTEMPATH/CodeIgniter.php(368): CodeIgniter\CodeIgniter->handleRequest()
 5 FCPATH/index.php(67): CodeIgniter\CodeIgniter->run()
CRITICAL - 2023-05-08 06:02:58 --> Call to a member function disable() on null
in APPPATH/Controllers/Quiz2Controller.php on line 23.
 1 SYSTEMPATH/CodeIgniter.php(934): App\Controllers\Quiz2Controller->index()
 2 SYSTEMPATH/CodeIgniter.php(499): CodeIgniter\CodeIgniter->runController()
 3 SYSTEMPATH/CodeIgniter.php(368): CodeIgniter\CodeIgniter->handleRequest()
 4 FCPATH/index.php(67): CodeIgniter\CodeIgniter->run()
CRITICAL - 2023-05-08 06:04:17 --> The action you requested is not allowed.
in SYSTEMPATH/Security/Security.php on line 306.
 1 SYSTEMPATH/Security/Security.php(306): CodeIgniter\Security\Exceptions\SecurityException::forDisallowedAction()
 2 SYSTEMPATH/Filters/CSRF.php(55): CodeIgniter\Security\Security->verify()
 3 SYSTEMPATH/Filters/Filters.php(173): CodeIgniter\Filters\CSRF->before()
 4 SYSTEMPATH/CodeIgniter.php(473): CodeIgniter\Filters\Filters->run()
 5 SYSTEMPATH/CodeIgniter.php(368): CodeIgniter\CodeIgniter->handleRequest()
 6 FCPATH/index.php(67): CodeIgniter\CodeIgniter->run()
CRITICAL - 2023-05-08 06:08:19 --> The action you requested is not allowed.
in SYSTEMPATH/Security/Security.php on line 306.
 1 SYSTEMPATH/Security/Security.php(306): CodeIgniter\Security\Exceptions\SecurityException::forDisallowedAction()
 2 SYSTEMPATH/Filters/CSRF.php(55): CodeIgniter\Security\Security->verify()
 3 SYSTEMPATH/Filters/Filters.php(173): CodeIgniter\Filters\CSRF->before()
 4 SYSTEMPATH/CodeIgniter.php(473): CodeIgniter\Filters\Filters->run()
 5 SYSTEMPATH/CodeIgniter.php(368): CodeIgniter\CodeIgniter->handleRequest()
 6 FCPATH/index.php(67): CodeIgniter\CodeIgniter->run()
CRITICAL - 2023-05-08 06:10:16 --> The action you requested is not allowed.
in SYSTEMPATH/Security/Security.php on line 306.
 1 SYSTEMPATH/Security/Security.php(306): CodeIgniter\Security\Exceptions\SecurityException::forDisallowedAction()
 2 SYSTEMPATH/Filters/CSRF.php(55): CodeIgniter\Security\Security->verify()
 3 SYSTEMPATH/Filters/Filters.php(173): CodeIgniter\Filters\CSRF->before()
 4 SYSTEMPATH/CodeIgniter.php(473): CodeIgniter\Filters\Filters->run()
 5 SYSTEMPATH/CodeIgniter.php(368): CodeIgniter\CodeIgniter->handleRequest()
 6 FCPATH/index.php(67): CodeIgniter\CodeIgniter->run()
CRITICAL - 2023-05-08 06:11:47 --> The action you requested is not allowed.
in SYSTEMPATH/Security/Security.php on line 306.
 1 SYSTEMPATH/Security/Security.php(306): CodeIgniter\Security\Exceptions\SecurityException::forDisallowedAction()
 2 SYSTEMPATH/Filters/CSRF.php(55): CodeIgniter\Security\Security->verify()
 3 SYSTEMPATH/Filters/Filters.php(173): CodeIgniter\Filters\CSRF->before()
 4 SYSTEMPATH/CodeIgniter.php(473): CodeIgniter\Filters\Filters->run()
 5 SYSTEMPATH/CodeIgniter.php(368): CodeIgniter\CodeIgniter->handleRequest()
 6 FCPATH/index.php(67): CodeIgniter\CodeIgniter->run()
CRITICAL - 2023-05-08 06:13:01 --> The action you requested is not allowed.
in SYSTEMPATH/Security/Security.php on line 306.
 1 SYSTEMPATH/Security/Security.php(306): CodeIgniter\Security\Exceptions\SecurityException::forDisallowedAction()
 2 SYSTEMPATH/Filters/CSRF.php(55): CodeIgniter\Security\Security->verify()
 3 SYSTEMPATH/Filters/Filters.php(173): CodeIgniter\Filters\CSRF->before()
 4 SYSTEMPATH/CodeIgniter.php(473): CodeIgniter\Filters\Filters->run()
 5 SYSTEMPATH/CodeIgniter.php(368): CodeIgniter\CodeIgniter->handleRequest()
 6 FCPATH/index.php(67): CodeIgniter\CodeIgniter->run()
CRITICAL - 2023-05-08 06:13:32 --> Undefined property: App\Controllers\Quiz2Controller::$CSRFProtector
in APPPATH/Controllers/Quiz2Controller.php on line 22.
 1 APPPATH/Controllers/Quiz2Controller.php(22): CodeIgniter\Debug\Exceptions->errorHandler()
 2 SYSTEMPATH/CodeIgniter.php(934): App\Controllers\Quiz2Controller->index()
 3 SYSTEMPATH/CodeIgniter.php(499): CodeIgniter\CodeIgniter->runController()
 4 SYSTEMPATH/CodeIgniter.php(368): CodeIgniter\CodeIgniter->handleRequest()
 5 FCPATH/index.php(67): CodeIgniter\CodeIgniter->run()
CRITICAL - 2023-05-08 06:14:25 --> Call to a member function disableDynamicCsrf() on null
in APPPATH/Controllers/Quiz2Controller.php on line 29.
 1 SYSTEMPATH/CodeIgniter.php(934): App\Controllers\Quiz2Controller->index()
 2 SYSTEMPATH/CodeIgniter.php(499): CodeIgniter\CodeIgniter->runController()
 3 SYSTEMPATH/CodeIgniter.php(368): CodeIgniter\CodeIgniter->handleRequest()
 4 FCPATH/index.php(67): CodeIgniter\CodeIgniter->run()
CRITICAL - 2023-05-08 06:17:43 --> Call to a member function disableProtection() on null
in APPPATH/Controllers/Quiz2Controller.php on line 29.
 1 SYSTEMPATH/CodeIgniter.php(934): App\Controllers\Quiz2Controller->index()
 2 SYSTEMPATH/CodeIgniter.php(499): CodeIgniter\CodeIgniter->runController()
 3 SYSTEMPATH/CodeIgniter.php(368): CodeIgniter\CodeIgniter->handleRequest()
 4 FCPATH/index.php(67): CodeIgniter\CodeIgniter->run()
CRITICAL - 2023-05-08 06:21:50 --> Call to a member function disableProtection() on null
in APPPATH/Controllers/Quiz2Controller.php on line 24.
 1 SYSTEMPATH/CodeIgniter.php(934): App\Controllers\Quiz2Controller->index()
 2 SYSTEMPATH/CodeIgniter.php(499): CodeIgniter\CodeIgniter->runController()
 3 SYSTEMPATH/CodeIgniter.php(368): CodeIgniter\CodeIgniter->handleRequest()
 4 FCPATH/index.php(67): CodeIgniter\CodeIgniter->run()
CRITICAL - 2023-05-08 06:21:54 --> Call to a member function disableProtection() on null
in APPPATH/Controllers/Quiz2Controller.php on line 24.
 1 SYSTEMPATH/CodeIgniter.php(934): App\Controllers\Quiz2Controller->index()
 2 SYSTEMPATH/CodeIgniter.php(499): CodeIgniter\CodeIgniter->runController()
 3 SYSTEMPATH/CodeIgniter.php(368): CodeIgniter\CodeIgniter->handleRequest()
 4 FCPATH/index.php(67): CodeIgniter\CodeIgniter->run()
CRITICAL - 2023-05-08 06:22:15 --> The action you requested is not allowed.
in SYSTEMPATH/Security/Security.php on line 306.
 1 SYSTEMPATH/Security/Security.php(306): CodeIgniter\Security\Exceptions\SecurityException::forDisallowedAction()
 2 SYSTEMPATH/Filters/CSRF.php(55): CodeIgniter\Security\Security->verify()
 3 SYSTEMPATH/Filters/Filters.php(173): CodeIgniter\Filters\CSRF->before()
 4 SYSTEMPATH/CodeIgniter.php(473): CodeIgniter\Filters\Filters->run()
 5 SYSTEMPATH/CodeIgniter.php(368): CodeIgniter\CodeIgniter->handleRequest()
 6 FCPATH/index.php(67): CodeIgniter\CodeIgniter->run()
CRITICAL - 2023-05-08 06:23:39 --> Call to a member function disableProtection() on null
in APPPATH/Controllers/Quiz2Controller.php on line 25.
 1 SYSTEMPATH/CodeIgniter.php(906): App\Controllers\Quiz2Controller->__construct()
 2 SYSTEMPATH/CodeIgniter.php(490): CodeIgniter\CodeIgniter->createController()
 3 SYSTEMPATH/CodeIgniter.php(368): CodeIgniter\CodeIgniter->handleRequest()
 4 FCPATH/index.php(67): CodeIgniter\CodeIgniter->run()
CRITICAL - 2023-05-08 06:28:07 --> The action you requested is not allowed.
in SYSTEMPATH/Security/Security.php on line 306.
 1 SYSTEMPATH/Security/Security.php(306): CodeIgniter\Security\Exceptions\SecurityException::forDisallowedAction()
 2 SYSTEMPATH/Filters/CSRF.php(55): CodeIgniter\Security\Security->verify()
 3 SYSTEMPATH/Filters/Filters.php(173): CodeIgniter\Filters\CSRF->before()
 4 SYSTEMPATH/CodeIgniter.php(473): CodeIgniter\Filters\Filters->run()
 5 SYSTEMPATH/CodeIgniter.php(368): CodeIgniter\CodeIgniter->handleRequest()
 6 FCPATH/index.php(67): CodeIgniter\CodeIgniter->run()
CRITICAL - 2023-05-08 06:33:45 --> The action you requested is not allowed.
in SYSTEMPATH/Security/Security.php on line 306.
 1 SYSTEMPATH/Security/Security.php(306): CodeIgniter\Security\Exceptions\SecurityException::forDisallowedAction()
 2 SYSTEMPATH/Filters/CSRF.php(55): CodeIgniter\Security\Security->verify()
 3 SYSTEMPATH/Filters/Filters.php(173): CodeIgniter\Filters\CSRF->before()
 4 SYSTEMPATH/CodeIgniter.php(473): CodeIgniter\Filters\Filters->run()
 5 SYSTEMPATH/CodeIgniter.php(368): CodeIgniter\CodeIgniter->handleRequest()
 6 FCPATH/index.php(67): CodeIgniter\CodeIgniter->run()
CRITICAL - 2023-05-08 06:48:06 --> Undefined variable $topRpgGames
in APPPATH/Views/Quiz2View.php on line 40.
 1 APPPATH/Views/Quiz2View.php(40): CodeIgniter\Debug\Exceptions->errorHandler()
 2 SYSTEMPATH/View/View.php(213): include('APPPATH/Views/Quiz2View.php')
 3 SYSTEMPATH/View/View.php(216): CodeIgniter\View\View->CodeIgniter\View\{closure}()
 4 SYSTEMPATH/Common.php(1184): CodeIgniter\View\View->render()
 5 APPPATH/Controllers/Quiz2Controller.php(23): view()
 6 SYSTEMPATH/CodeIgniter.php(934): App\Controllers\Quiz2Controller->index()
 7 SYSTEMPATH/CodeIgniter.php(499): CodeIgniter\CodeIgniter->runController()
 8 SYSTEMPATH/CodeIgniter.php(368): CodeIgniter\CodeIgniter->handleRequest()
 9 FCPATH/index.php(67): CodeIgniter\CodeIgniter->run()
CRITICAL - 2023-05-08 06:51:31 --> The action you requested is not allowed.
in SYSTEMPATH/Security/Security.php on line 306.
 1 SYSTEMPATH/Security/Security.php(306): CodeIgniter\Security\Exceptions\SecurityException::forDisallowedAction()
 2 SYSTEMPATH/Filters/CSRF.php(55): CodeIgniter\Security\Security->verify()
 3 SYSTEMPATH/Filters/Filters.php(173): CodeIgniter\Filters\CSRF->before()
 4 SYSTEMPATH/CodeIgniter.php(473): CodeIgniter\Filters\Filters->run()
 5 SYSTEMPATH/CodeIgniter.php(368): CodeIgniter\CodeIgniter->handleRequest()
 6 FCPATH/index.php(67): CodeIgniter\CodeIgniter->run()
CRITICAL - 2023-05-08 06:55:14 --> The action you requested is not allowed.
in SYSTEMPATH/Security/Security.php on line 306.
 1 SYSTEMPATH/Security/Security.php(306): CodeIgniter\Security\Exceptions\SecurityException::forDisallowedAction()
 2 SYSTEMPATH/Filters/CSRF.php(55): CodeIgniter\Security\Security->verify()
 3 SYSTEMPATH/Filters/Filters.php(173): CodeIgniter\Filters\CSRF->before()
 4 SYSTEMPATH/CodeIgniter.php(473): CodeIgniter\Filters\Filters->run()
 5 SYSTEMPATH/CodeIgniter.php(368): CodeIgniter\CodeIgniter->handleRequest()
 6 FCPATH/index.php(67): CodeIgniter\CodeIgniter->run()
CRITICAL - 2023-05-08 07:36:02 --> The action you requested is not allowed.
in SYSTEMPATH/Security/Security.php on line 306.
 1 SYSTEMPATH/Security/Security.php(306): CodeIgniter\Security\Exceptions\SecurityException::forDisallowedAction()
 2 SYSTEMPATH/Filters/CSRF.php(55): CodeIgniter\Security\Security->verify()
 3 SYSTEMPATH/Filters/Filters.php(173): CodeIgniter\Filters\CSRF->before()
 4 SYSTEMPATH/CodeIgniter.php(473): CodeIgniter\Filters\Filters->run()
 5 SYSTEMPATH/CodeIgniter.php(368): CodeIgniter\CodeIgniter->handleRequest()
 6 FCPATH/index.php(67): CodeIgniter\CodeIgniter->run()
CRITICAL - 2023-05-08 07:36:07 --> Call to a member function limit() on array
in APPPATH/Models/Quiz2Model.php on line 60.
 1 APPPATH/Controllers/Quiz2Controller.php(53): App\Models\Quiz2Model->getTop()
 2 SYSTEMPATH/CodeIgniter.php(934): App\Controllers\Quiz2Controller->display()
 3 SYSTEMPATH/CodeIgniter.php(499): CodeIgniter\CodeIgniter->runController()
 4 SYSTEMPATH/CodeIgniter.php(368): CodeIgniter\CodeIgniter->handleRequest()
 5 FCPATH/index.php(67): CodeIgniter\CodeIgniter->run()
CRITICAL - 2023-05-08 07:43:13 --> The action you requested is not allowed.
in SYSTEMPATH/Security/Security.php on line 306.
 1 SYSTEMPATH/Security/Security.php(306): CodeIgniter\Security\Exceptions\SecurityException::forDisallowedAction()
 2 SYSTEMPATH/Filters/CSRF.php(55): CodeIgniter\Security\Security->verify()
 3 SYSTEMPATH/Filters/Filters.php(173): CodeIgniter\Filters\CSRF->before()
 4 SYSTEMPATH/CodeIgniter.php(473): CodeIgniter\Filters\Filters->run()
 5 SYSTEMPATH/CodeIgniter.php(368): CodeIgniter\CodeIgniter->handleRequest()
 6 FCPATH/index.php(67): CodeIgniter\CodeIgniter->run()
CRITICAL - 2023-05-08 10:34:36 --> The action you requested is not allowed.
in SYSTEMPATH/Security/Security.php on line 306.
 1 SYSTEMPATH/Security/Security.php(306): CodeIgniter\Security\Exceptions\SecurityException::forDisallowedAction()
 2 SYSTEMPATH/Filters/CSRF.php(55): CodeIgniter\Security\Security->verify()
 3 SYSTEMPATH/Filters/Filters.php(173): CodeIgniter\Filters\CSRF->before()
 4 SYSTEMPATH/CodeIgniter.php(473): CodeIgniter\Filters\Filters->run()
 5 SYSTEMPATH/CodeIgniter.php(368): CodeIgniter\CodeIgniter->handleRequest()
 6 FCPATH/index.php(67): CodeIgniter\CodeIgniter->run()
CRITICAL - 2023-05-08 10:44:31 --> The action you requested is not allowed.
in SYSTEMPATH/Security/Security.php on line 306.
 1 SYSTEMPATH/Security/Security.php(306): CodeIgniter\Security\Exceptions\SecurityException::forDisallowedAction()
 2 SYSTEMPATH/Filters/CSRF.php(55): CodeIgniter\Security\Security->verify()
 3 SYSTEMPATH/Filters/Filters.php(173): CodeIgniter\Filters\CSRF->before()
 4 SYSTEMPATH/CodeIgniter.php(473): CodeIgniter\Filters\Filters->run()
 5 SYSTEMPATH/CodeIgniter.php(368): CodeIgniter\CodeIgniter->handleRequest()
 6 FCPATH/index.php(67): CodeIgniter\CodeIgniter->run()
CRITICAL - 2023-05-08 11:19:00 --> Object of class CodeIgniter\Validation\Validation could not be converted to string
in APPPATH/Views/Quiz2View.php on line 17.
 1 SYSTEMPATH/View/View.php(213): include()
 2 SYSTEMPATH/View/View.php(216): CodeIgniter\View\View->CodeIgniter\View\{closure}()
 3 SYSTEMPATH/Common.php(1184): CodeIgniter\View\View->render()
 4 APPPATH/Controllers/Quiz2Controller.php(45): view()
 5 SYSTEMPATH/CodeIgniter.php(934): App\Controllers\Quiz2Controller->upload()
 6 SYSTEMPATH/CodeIgniter.php(499): CodeIgniter\CodeIgniter->runController()
 7 SYSTEMPATH/CodeIgniter.php(368): CodeIgniter\CodeIgniter->handleRequest()
 8 FCPATH/index.php(67): CodeIgniter\CodeIgniter->run()
CRITICAL - 2023-05-08 11:21:17 --> The action you requested is not allowed.
in SYSTEMPATH/Security/Security.php on line 306.
 1 SYSTEMPATH/Security/Security.php(306): CodeIgniter\Security\Exceptions\SecurityException::forDisallowedAction()
 2 SYSTEMPATH/Filters/CSRF.php(55): CodeIgniter\Security\Security->verify()
 3 SYSTEMPATH/Filters/Filters.php(173): CodeIgniter\Filters\CSRF->before()
 4 SYSTEMPATH/CodeIgniter.php(473): CodeIgniter\Filters\Filters->run()
 5 SYSTEMPATH/CodeIgniter.php(368): CodeIgniter\CodeIgniter->handleRequest()
 6 FCPATH/index.php(67): CodeIgniter\CodeIgniter->run()
CRITICAL - 2023-05-08 11:48:34 --> Undefined variable $file
in APPPATH/Controllers/Quiz2Controller.php on line 33.
 1 APPPATH/Controllers/Quiz2Controller.php(33): CodeIgniter\Debug\Exceptions->errorHandler()
 2 SYSTEMPATH/CodeIgniter.php(934): App\Controllers\Quiz2Controller->upload()
 3 SYSTEMPATH/CodeIgniter.php(499): CodeIgniter\CodeIgniter->runController()
 4 SYSTEMPATH/CodeIgniter.php(368): CodeIgniter\CodeIgniter->handleRequest()
 5 FCPATH/index.php(67): CodeIgniter\CodeIgniter->run()
