ERROR - 2023-05-04 04:17:49 --> Error connecting to the database: ErrorException: Packets out of order. Expected 1 received 0. Packet size=145 in /var/www/htdocs/LearnLion/system/Database/MySQLi/Connection.php:173
Stack trace:
#0 [internal function]: CodeIgniter\Debug\Exceptions->errorHandler()
#1 /var/www/htdocs/LearnLion/system/Database/MySQLi/Connection.php(173): mysqli->real_connect()
#2 /var/www/htdocs/LearnLion/system/Database/BaseConnection.php(391): CodeIgniter\Database\MySQLi\Connection->connect()
#3 /var/www/htdocs/LearnLion/system/Database/BaseConnection.php(573): CodeIgniter\Database\BaseConnection->initialize()
#4 /var/www/htdocs/LearnLion/system/Database/BaseBuilder.php(1700): CodeIgniter\Database\BaseConnection->query()
#5 /var/www/htdocs/LearnLion/system/Model.php(606): CodeIgniter\Database\BaseBuilder->countAllResults()
#6 /var/www/htdocs/LearnLion/system/BaseModel.php(1188): CodeIgniter\Model->countAllResults()
#7 /var/www/htdocs/LearnLion/app/Controllers/Home.php(18): CodeIgniter\BaseModel->paginate()
#8 /var/www/htdocs/LearnLion/system/CodeIgniter.php(934): App\Controllers\Home->index()
#9 /var/www/htdocs/LearnLion/system/CodeIgniter.php(499): CodeIgniter\CodeIgniter->runController()
#10 /var/www/htdocs/LearnLion/system/CodeIgniter.php(368): CodeIgniter\CodeIgniter->handleRequest()
#11 /var/www/htdocs/LearnLion/public/index.php(67): CodeIgniter\CodeIgniter->run()
#12 {main}

Next CodeIgniter\Database\Exceptions\DatabaseException: Packets out of order. Expected 1 received 0. Packet size=145 in /var/www/htdocs/LearnLion/system/Database/MySQLi/Connection.php:218
Stack trace:
#0 /var/www/htdocs/LearnLion/system/Database/BaseConnection.php(391): CodeIgniter\Database\MySQLi\Connection->connect()
#1 /var/www/htdocs/LearnLion/system/Database/BaseConnection.php(573): CodeIgniter\Database\BaseConnection->initialize()
#2 /var/www/htdocs/LearnLion/system/Database/BaseBuilder.php(1700): CodeIgniter\Database\BaseConnection->query()
#3 /var/www/htdocs/LearnLion/system/Model.php(606): CodeIgniter\Database\BaseBuilder->countAllResults()
#4 /var/www/htdocs/LearnLion/system/BaseModel.php(1188): CodeIgniter\Model->countAllResults()
#5 /var/www/htdocs/LearnLion/app/Controllers/Home.php(18): CodeIgniter\BaseModel->paginate()
#6 /var/www/htdocs/LearnLion/system/CodeIgniter.php(934): App\Controllers\Home->index()
#7 /var/www/htdocs/LearnLion/system/CodeIgniter.php(499): CodeIgniter\CodeIgniter->runController()
#8 /var/www/htdocs/LearnLion/system/CodeIgniter.php(368): CodeIgniter\CodeIgniter->handleRequest()
#9 /var/www/htdocs/LearnLion/public/index.php(67): CodeIgniter\CodeIgniter->run()
#10 {main}
CRITICAL - 2023-05-04 04:17:49 --> Unable to connect to the database.
Main connection [MySQLi]: Packets out of order. Expected 1 received 0. Packet size=145
in SYSTEMPATH/Database/BaseConnection.php on line 427.
 1 SYSTEMPATH/Database/BaseConnection.php(573): CodeIgniter\Database\BaseConnection->initialize()
 2 SYSTEMPATH/Database/BaseBuilder.php(1700): CodeIgniter\Database\BaseConnection->query()
 3 SYSTEMPATH/Model.php(606): CodeIgniter\Database\BaseBuilder->countAllResults()
 4 SYSTEMPATH/BaseModel.php(1188): CodeIgniter\Model->countAllResults()
 5 APPPATH/Controllers/Home.php(18): CodeIgniter\BaseModel->paginate()
 6 SYSTEMPATH/CodeIgniter.php(934): App\Controllers\Home->index()
 7 SYSTEMPATH/CodeIgniter.php(499): CodeIgniter\CodeIgniter->runController()
 8 SYSTEMPATH/CodeIgniter.php(368): CodeIgniter\CodeIgniter->handleRequest()
 9 FCPATH/index.php(67): CodeIgniter\CodeIgniter->run()
CRITICAL - 2023-05-04 06:56:32 --> Trying to access array offset on value of type null
in APPPATH/Controllers/ResetPassword.php on line 44.
 1 APPPATH/Controllers/ResetPassword.php(44): CodeIgniter\Debug\Exceptions->errorHandler()
 2 SYSTEMPATH/CodeIgniter.php(934): App\Controllers\ResetPassword->verify()
 3 SYSTEMPATH/CodeIgniter.php(499): CodeIgniter\CodeIgniter->runController()
 4 SYSTEMPATH/CodeIgniter.php(368): CodeIgniter\CodeIgniter->handleRequest()
 5 FCPATH/index.php(67): CodeIgniter\CodeIgniter->run()
CRITICAL - 2023-05-04 07:08:24 --> Class "App\Controllers\Courses_model" not found
in APPPATH/Controllers/ResetPassword.php on line 63.
 1 SYSTEMPATH/CodeIgniter.php(934): App\Controllers\ResetPassword->changepassword()
 2 SYSTEMPATH/CodeIgniter.php(499): CodeIgniter\CodeIgniter->runController()
 3 SYSTEMPATH/CodeIgniter.php(368): CodeIgniter\CodeIgniter->handleRequest()
 4 FCPATH/index.php(67): CodeIgniter\CodeIgniter->run()
CRITICAL - 2023-05-04 07:08:55 --> The action you requested is not allowed.
in SYSTEMPATH/Security/Security.php on line 306.
 1 SYSTEMPATH/Security/Security.php(306): CodeIgniter\Security\Exceptions\SecurityException::forDisallowedAction()
 2 SYSTEMPATH/Filters/CSRF.php(55): CodeIgniter\Security\Security->verify()
 3 SYSTEMPATH/Filters/Filters.php(173): CodeIgniter\Filters\CSRF->before()
 4 SYSTEMPATH/CodeIgniter.php(473): CodeIgniter\Filters\Filters->run()
 5 SYSTEMPATH/CodeIgniter.php(368): CodeIgniter\CodeIgniter->handleRequest()
 6 FCPATH/index.php(67): CodeIgniter\CodeIgniter->run()
CRITICAL - 2023-05-04 07:18:30 --> Undefined variable $change_state
in APPPATH/Views/reset_password.php on line 59.
 1 APPPATH/Views/reset_password.php(59): CodeIgniter\Debug\Exceptions->errorHandler()
 2 SYSTEMPATH/View/View.php(213): include('APPPATH/Views/reset_password.php')
 3 SYSTEMPATH/View/View.php(216): CodeIgniter\View\View->CodeIgniter\View\{closure}()
 4 SYSTEMPATH/Common.php(1184): CodeIgniter\View\View->render()
 5 APPPATH/Controllers/ResetPassword.php(49): view()
 6 SYSTEMPATH/CodeIgniter.php(934): App\Controllers\ResetPassword->verify()
 7 SYSTEMPATH/CodeIgniter.php(499): CodeIgniter\CodeIgniter->runController()
 8 SYSTEMPATH/CodeIgniter.php(368): CodeIgniter\CodeIgniter->handleRequest()
 9 FCPATH/index.php(67): CodeIgniter\CodeIgniter->run()
