ERROR - 2023-04-28 07:46:42 --> Error connecting to the database: ErrorException: Packets out of order. Expected 1 received 0. Packet size=145 in /var/www/htdocs/LearnLion/system/Database/MySQLi/Connection.php:173
Stack trace:
#0 [internal function]: CodeIgniter\Debug\Exceptions->errorHandler()
#1 /var/www/htdocs/LearnLion/system/Database/MySQLi/Connection.php(173): mysqli->real_connect()
#2 /var/www/htdocs/LearnLion/system/Database/BaseConnection.php(391): CodeIgniter\Database\MySQLi\Connection->connect()
#3 /var/www/htdocs/LearnLion/system/Database/BaseConnection.php(573): CodeIgniter\Database\BaseConnection->initialize()
#4 /var/www/htdocs/LearnLion/system/Database/BaseBuilder.php(1700): CodeIgniter\Database\BaseConnection->query()
#5 /var/www/htdocs/LearnLion/system/Model.php(606): CodeIgniter\Database\BaseBuilder->countAllResults()
#6 /var/www/htdocs/LearnLion/system/BaseModel.php(1188): CodeIgniter\Model->countAllResults()
#7 /var/www/htdocs/LearnLion/app/Controllers/Home.php(18): CodeIgniter\BaseModel->paginate()
#8 /var/www/htdocs/LearnLion/system/CodeIgniter.php(934): App\Controllers\Home->index()
#9 /var/www/htdocs/LearnLion/system/CodeIgniter.php(499): CodeIgniter\CodeIgniter->runController()
#10 /var/www/htdocs/LearnLion/system/CodeIgniter.php(368): CodeIgniter\CodeIgniter->handleRequest()
#11 /var/www/htdocs/LearnLion/public/index.php(67): CodeIgniter\CodeIgniter->run()
#12 {main}

Next CodeIgniter\Database\Exceptions\DatabaseException: Packets out of order. Expected 1 received 0. Packet size=145 in /var/www/htdocs/LearnLion/system/Database/MySQLi/Connection.php:218
Stack trace:
#0 /var/www/htdocs/LearnLion/system/Database/BaseConnection.php(391): CodeIgniter\Database\MySQLi\Connection->connect()
#1 /var/www/htdocs/LearnLion/system/Database/BaseConnection.php(573): CodeIgniter\Database\BaseConnection->initialize()
#2 /var/www/htdocs/LearnLion/system/Database/BaseBuilder.php(1700): CodeIgniter\Database\BaseConnection->query()
#3 /var/www/htdocs/LearnLion/system/Model.php(606): CodeIgniter\Database\BaseBuilder->countAllResults()
#4 /var/www/htdocs/LearnLion/system/BaseModel.php(1188): CodeIgniter\Model->countAllResults()
#5 /var/www/htdocs/LearnLion/app/Controllers/Home.php(18): CodeIgniter\BaseModel->paginate()
#6 /var/www/htdocs/LearnLion/system/CodeIgniter.php(934): App\Controllers\Home->index()
#7 /var/www/htdocs/LearnLion/system/CodeIgniter.php(499): CodeIgniter\CodeIgniter->runController()
#8 /var/www/htdocs/LearnLion/system/CodeIgniter.php(368): CodeIgniter\CodeIgniter->handleRequest()
#9 /var/www/htdocs/LearnLion/public/index.php(67): CodeIgniter\CodeIgniter->run()
#10 {main}
CRITICAL - 2023-04-28 07:46:42 --> Unable to connect to the database.
Main connection [MySQLi]: Packets out of order. Expected 1 received 0. Packet size=145
in SYSTEMPATH/Database/BaseConnection.php on line 427.
 1 SYSTEMPATH/Database/BaseConnection.php(573): CodeIgniter\Database\BaseConnection->initialize()
 2 SYSTEMPATH/Database/BaseBuilder.php(1700): CodeIgniter\Database\BaseConnection->query()
 3 SYSTEMPATH/Model.php(606): CodeIgniter\Database\BaseBuilder->countAllResults()
 4 SYSTEMPATH/BaseModel.php(1188): CodeIgniter\Model->countAllResults()
 5 APPPATH/Controllers/Home.php(18): CodeIgniter\BaseModel->paginate()
 6 SYSTEMPATH/CodeIgniter.php(934): App\Controllers\Home->index()
 7 SYSTEMPATH/CodeIgniter.php(499): CodeIgniter\CodeIgniter->runController()
 8 SYSTEMPATH/CodeIgniter.php(368): CodeIgniter\CodeIgniter->handleRequest()
 9 FCPATH/index.php(67): CodeIgniter\CodeIgniter->run()
ERROR - 2023-04-28 07:47:08 --> Error connecting to the database: ErrorException: Packets out of order. Expected 1 received 0. Packet size=145 in /var/www/htdocs/LearnLion/system/Database/MySQLi/Connection.php:173
Stack trace:
#0 [internal function]: CodeIgniter\Debug\Exceptions->errorHandler()
#1 /var/www/htdocs/LearnLion/system/Database/MySQLi/Connection.php(173): mysqli->real_connect()
#2 /var/www/htdocs/LearnLion/system/Database/BaseConnection.php(391): CodeIgniter\Database\MySQLi\Connection->connect()
#3 /var/www/htdocs/LearnLion/system/Database/BaseConnection.php(573): CodeIgniter\Database\BaseConnection->initialize()
#4 /var/www/htdocs/LearnLion/system/Database/BaseBuilder.php(1700): CodeIgniter\Database\BaseConnection->query()
#5 /var/www/htdocs/LearnLion/system/Model.php(606): CodeIgniter\Database\BaseBuilder->countAllResults()
#6 /var/www/htdocs/LearnLion/system/BaseModel.php(1188): CodeIgniter\Model->countAllResults()
#7 /var/www/htdocs/LearnLion/app/Controllers/Home.php(18): CodeIgniter\BaseModel->paginate()
#8 /var/www/htdocs/LearnLion/system/CodeIgniter.php(934): App\Controllers\Home->index()
#9 /var/www/htdocs/LearnLion/system/CodeIgniter.php(499): CodeIgniter\CodeIgniter->runController()
#10 /var/www/htdocs/LearnLion/system/CodeIgniter.php(368): CodeIgniter\CodeIgniter->handleRequest()
#11 /var/www/htdocs/LearnLion/public/index.php(67): CodeIgniter\CodeIgniter->run()
#12 {main}

Next CodeIgniter\Database\Exceptions\DatabaseException: Packets out of order. Expected 1 received 0. Packet size=145 in /var/www/htdocs/LearnLion/system/Database/MySQLi/Connection.php:218
Stack trace:
#0 /var/www/htdocs/LearnLion/system/Database/BaseConnection.php(391): CodeIgniter\Database\MySQLi\Connection->connect()
#1 /var/www/htdocs/LearnLion/system/Database/BaseConnection.php(573): CodeIgniter\Database\BaseConnection->initialize()
#2 /var/www/htdocs/LearnLion/system/Database/BaseBuilder.php(1700): CodeIgniter\Database\BaseConnection->query()
#3 /var/www/htdocs/LearnLion/system/Model.php(606): CodeIgniter\Database\BaseBuilder->countAllResults()
#4 /var/www/htdocs/LearnLion/system/BaseModel.php(1188): CodeIgniter\Model->countAllResults()
#5 /var/www/htdocs/LearnLion/app/Controllers/Home.php(18): CodeIgniter\BaseModel->paginate()
#6 /var/www/htdocs/LearnLion/system/CodeIgniter.php(934): App\Controllers\Home->index()
#7 /var/www/htdocs/LearnLion/system/CodeIgniter.php(499): CodeIgniter\CodeIgniter->runController()
#8 /var/www/htdocs/LearnLion/system/CodeIgniter.php(368): CodeIgniter\CodeIgniter->handleRequest()
#9 /var/www/htdocs/LearnLion/public/index.php(67): CodeIgniter\CodeIgniter->run()
#10 {main}
CRITICAL - 2023-04-28 07:47:08 --> Unable to connect to the database.
Main connection [MySQLi]: Packets out of order. Expected 1 received 0. Packet size=145
in SYSTEMPATH/Database/BaseConnection.php on line 427.
 1 SYSTEMPATH/Database/BaseConnection.php(573): CodeIgniter\Database\BaseConnection->initialize()
 2 SYSTEMPATH/Database/BaseBuilder.php(1700): CodeIgniter\Database\BaseConnection->query()
 3 SYSTEMPATH/Model.php(606): CodeIgniter\Database\BaseBuilder->countAllResults()
 4 SYSTEMPATH/BaseModel.php(1188): CodeIgniter\Model->countAllResults()
 5 APPPATH/Controllers/Home.php(18): CodeIgniter\BaseModel->paginate()
 6 SYSTEMPATH/CodeIgniter.php(934): App\Controllers\Home->index()
 7 SYSTEMPATH/CodeIgniter.php(499): CodeIgniter\CodeIgniter->runController()
 8 SYSTEMPATH/CodeIgniter.php(368): CodeIgniter\CodeIgniter->handleRequest()
 9 FCPATH/index.php(67): CodeIgniter\CodeIgniter->run()
ERROR - 2023-04-28 07:47:10 --> 
ERROR - 2023-04-28 07:47:10 --> 
ERROR - 2023-04-28 07:47:10 --> 
ERROR - 2023-04-28 07:47:12 --> 
ERROR - 2023-04-28 07:47:12 --> 
ERROR - 2023-04-28 07:47:12 --> 
ERROR - 2023-04-28 07:47:12 --> 
ERROR - 2023-04-28 07:47:12 --> 
ERROR - 2023-04-28 07:47:13 --> 
ERROR - 2023-04-28 07:47:13 --> 
ERROR - 2023-04-28 07:47:13 --> 
ERROR - 2023-04-28 07:47:13 --> 
ERROR - 2023-04-28 07:47:13 --> 
ERROR - 2023-04-28 07:47:13 --> 
ERROR - 2023-04-28 07:47:13 --> 
ERROR - 2023-04-28 07:47:13 --> 
ERROR - 2023-04-28 07:47:28 --> 
ERROR - 2023-04-28 07:47:28 --> 
ERROR - 2023-04-28 07:47:28 --> 
ERROR - 2023-04-28 07:47:28 --> 
ERROR - 2023-04-28 07:47:28 --> 
ERROR - 2023-04-28 07:47:28 --> 
ERROR - 2023-04-28 07:47:28 --> 
ERROR - 2023-04-28 07:47:28 --> 
ERROR - 2023-04-28 07:47:28 --> 
ERROR - 2023-04-28 07:47:28 --> 
ERROR - 2023-04-28 07:47:28 --> 
ERROR - 2023-04-28 07:47:28 --> 
ERROR - 2023-04-28 07:47:28 --> 
ERROR - 2023-04-28 07:47:28 --> 
ERROR - 2023-04-28 07:47:28 --> 
ERROR - 2023-04-28 07:47:28 --> 
ERROR - 2023-04-28 07:47:28 --> 
ERROR - 2023-04-28 07:47:28 --> 
ERROR - 2023-04-28 07:48:05 --> 
ERROR - 2023-04-28 07:48:05 --> 
ERROR - 2023-04-28 07:48:05 --> 
ERROR - 2023-04-28 07:48:05 --> 
ERROR - 2023-04-28 07:48:05 --> 
ERROR - 2023-04-28 07:48:05 --> 
ERROR - 2023-04-28 07:48:05 --> 
ERROR - 2023-04-28 07:48:05 --> 
ERROR - 2023-04-28 07:48:05 --> 
ERROR - 2023-04-28 07:48:05 --> 
ERROR - 2023-04-28 07:48:05 --> 
ERROR - 2023-04-28 07:48:05 --> 
ERROR - 2023-04-28 07:48:05 --> 
ERROR - 2023-04-28 07:48:05 --> 
ERROR - 2023-04-28 07:48:06 --> 
ERROR - 2023-04-28 07:48:06 --> 
ERROR - 2023-04-28 07:48:06 --> 
ERROR - 2023-04-28 07:48:06 --> 
ERROR - 2023-04-28 07:48:06 --> 
ERROR - 2023-04-28 07:48:06 --> 
ERROR - 2023-04-28 07:48:06 --> 
ERROR - 2023-04-28 07:48:06 --> 
ERROR - 2023-04-28 07:48:06 --> 
ERROR - 2023-04-28 07:48:06 --> 
ERROR - 2023-04-28 07:49:41 --> 
ERROR - 2023-04-28 07:49:42 --> 
ERROR - 2023-04-28 07:49:42 --> 
ERROR - 2023-04-28 07:49:42 --> 
ERROR - 2023-04-28 07:49:42 --> 
ERROR - 2023-04-28 07:49:42 --> 
ERROR - 2023-04-28 07:49:42 --> 
ERROR - 2023-04-28 07:49:42 --> 
ERROR - 2023-04-28 07:49:42 --> 
ERROR - 2023-04-28 07:49:42 --> 
ERROR - 2023-04-28 07:49:42 --> 
ERROR - 2023-04-28 07:49:43 --> 
ERROR - 2023-04-28 07:49:43 --> 
ERROR - 2023-04-28 07:49:43 --> 
ERROR - 2023-04-28 07:49:43 --> 
ERROR - 2023-04-28 07:49:43 --> 
ERROR - 2023-04-28 07:49:43 --> 
ERROR - 2023-04-28 07:49:43 --> 
ERROR - 2023-04-28 07:49:43 --> 
ERROR - 2023-04-28 07:49:44 --> 
ERROR - 2023-04-28 07:49:44 --> 
ERROR - 2023-04-28 07:49:44 --> 
ERROR - 2023-04-28 07:49:44 --> 
ERROR - 2023-04-28 07:49:44 --> 
ERROR - 2023-04-28 07:49:44 --> 
ERROR - 2023-04-28 07:49:44 --> 
ERROR - 2023-04-28 07:49:44 --> 
ERROR - 2023-04-28 07:49:44 --> 
ERROR - 2023-04-28 07:49:44 --> 
ERROR - 2023-04-28 07:49:44 --> 
ERROR - 2023-04-28 07:49:44 --> 
ERROR - 2023-04-28 07:49:44 --> 
ERROR - 2023-04-28 07:49:44 --> 
ERROR - 2023-04-28 07:49:44 --> 
ERROR - 2023-04-28 07:49:44 --> 
ERROR - 2023-04-28 07:49:44 --> 
ERROR - 2023-04-28 07:49:44 --> 
ERROR - 2023-04-28 07:49:44 --> 
ERROR - 2023-04-28 07:49:44 --> 
ERROR - 2023-04-28 07:49:44 --> 
ERROR - 2023-04-28 07:49:44 --> 
ERROR - 2023-04-28 07:49:44 --> 
ERROR - 2023-04-28 07:49:44 --> 
ERROR - 2023-04-28 07:49:44 --> 
ERROR - 2023-04-28 07:49:44 --> 
ERROR - 2023-04-28 07:49:44 --> 
ERROR - 2023-04-28 07:49:44 --> 
ERROR - 2023-04-28 07:49:45 --> 
ERROR - 2023-04-28 07:49:45 --> 
ERROR - 2023-04-28 07:49:45 --> 
ERROR - 2023-04-28 07:49:45 --> 
ERROR - 2023-04-28 07:49:45 --> 
ERROR - 2023-04-28 07:49:45 --> 
ERROR - 2023-04-28 07:49:45 --> 
ERROR - 2023-04-28 07:49:45 --> 
ERROR - 2023-04-28 07:49:45 --> 
ERROR - 2023-04-28 07:49:45 --> 
ERROR - 2023-04-28 07:49:45 --> 
ERROR - 2023-04-28 07:49:45 --> 
ERROR - 2023-04-28 07:49:45 --> 
ERROR - 2023-04-28 07:49:45 --> 
ERROR - 2023-04-28 07:49:45 --> 
ERROR - 2023-04-28 07:49:45 --> 
ERROR - 2023-04-28 07:49:45 --> 
ERROR - 2023-04-28 07:49:45 --> 
ERROR - 2023-04-28 07:49:45 --> 
ERROR - 2023-04-28 07:49:45 --> 
ERROR - 2023-04-28 07:49:45 --> 
ERROR - 2023-04-28 07:49:45 --> 
ERROR - 2023-04-28 07:50:27 --> 
ERROR - 2023-04-28 07:50:27 --> 
ERROR - 2023-04-28 07:50:27 --> 
ERROR - 2023-04-28 07:50:27 --> 
ERROR - 2023-04-28 07:50:27 --> 
ERROR - 2023-04-28 07:50:27 --> 
ERROR - 2023-04-28 07:50:27 --> 
ERROR - 2023-04-28 07:50:27 --> 
ERROR - 2023-04-28 07:50:27 --> 
ERROR - 2023-04-28 07:50:27 --> 
ERROR - 2023-04-28 07:50:27 --> 
ERROR - 2023-04-28 07:50:27 --> 
ERROR - 2023-04-28 07:50:28 --> 
ERROR - 2023-04-28 07:50:28 --> 
ERROR - 2023-04-28 07:50:28 --> 
ERROR - 2023-04-28 07:50:28 --> 
ERROR - 2023-04-28 07:50:28 --> 
ERROR - 2023-04-28 07:50:28 --> 
ERROR - 2023-04-28 07:50:28 --> 
ERROR - 2023-04-28 07:50:28 --> 
ERROR - 2023-04-28 07:50:28 --> 
ERROR - 2023-04-28 07:50:28 --> 
ERROR - 2023-04-28 07:50:28 --> 
ERROR - 2023-04-28 07:50:28 --> 
ERROR - 2023-04-28 07:50:28 --> 
ERROR - 2023-04-28 07:50:28 --> 
ERROR - 2023-04-28 07:50:28 --> 
ERROR - 2023-04-28 07:50:28 --> 
ERROR - 2023-04-28 07:50:28 --> 
ERROR - 2023-04-28 07:50:29 --> 
ERROR - 2023-04-28 07:50:29 --> 
ERROR - 2023-04-28 07:50:29 --> 
ERROR - 2023-04-28 07:50:29 --> 
ERROR - 2023-04-28 07:50:29 --> 
ERROR - 2023-04-28 07:50:29 --> 
ERROR - 2023-04-28 07:51:31 --> 
ERROR - 2023-04-28 07:51:31 --> 
ERROR - 2023-04-28 07:51:31 --> 
ERROR - 2023-04-28 07:51:31 --> 
ERROR - 2023-04-28 07:51:31 --> 
ERROR - 2023-04-28 07:51:31 --> 
ERROR - 2023-04-28 07:51:31 --> 
ERROR - 2023-04-28 07:51:31 --> 
ERROR - 2023-04-28 07:51:31 --> 
ERROR - 2023-04-28 07:51:31 --> 
ERROR - 2023-04-28 07:51:31 --> 
ERROR - 2023-04-28 07:51:31 --> 
